Traceback (most recent call last):
  File "/usr/local/lib/python3.10/dist-packages/jupyter_cache/executors/utils.py", line 58, in single_nb_execution
    executenb(
  File "/usr/local/lib/python3.10/dist-packages/nbclient/client.py", line 1314, in execute
    return NotebookClient(nb=nb, resources=resources, km=km, **kwargs).execute()
  File "/usr/local/lib/python3.10/dist-packages/jupyter_core/utils/__init__.py", line 165, in wrapped
    return loop.run_until_complete(inner)
  File "/usr/lib/python3.10/asyncio/base_events.py", line 649, in run_until_complete
    return future.result()
  File "/usr/local/lib/python3.10/dist-packages/nbclient/client.py", line 709, in async_execute
    await self.async_execute_cell(
  File "/usr/local/lib/python3.10/dist-packages/nbclient/client.py", line 1062, in async_execute_cell
    await self._check_raise_for_error(cell, cell_index, exec_reply)
  File "/usr/local/lib/python3.10/dist-packages/nbclient/client.py", line 918, in _check_raise_for_error
    raise CellExecutionError.from_cell_and_msg(cell, exec_reply_content)
nbclient.exceptions.CellExecutionError: An error occurred while executing the following cell:
------------------
import re
import pandas as pd
import nltk
import string

def remove_url(text):
    #Fungsi untuk menghapus URL dari teks.
    url = re.compile(r'https?://\S+|www\.\S+')
    return url.sub(r'', text)

def remove_html(text):
    #Fungsi untuk menghapus tag HTML dari teks.
    html = re.compile(r'<.*?>')
    return html.sub(r'', text)

def remove_emoji(text):

    #Fungsi untuk menghapus emoji dari teks.
    emoji_pattern = re.compile("["
        u"\U0001F600-\U0001F64F"  # emotikon wajah
        u"\U0001F300-\U0001F5FF"  # simbol & gambar
        u"\U0001F680-\U0001F6FF"  # transportasi & simbol
        u"\U0001F1E0-\U0001F1FF"  # bendera negara
        "]+", flags=re.UNICODE)
    return emoji_pattern.sub(r'', text)

def remove_numbers(text):
    #Fungsi untuk menghapus angka dari teks.
    return re.sub(r'\d+', '', text)

def remove_symbols(text):
    #Fungsi untuk menghapus simbol dan karakter khusus dari teks.
    return re.sub(r'[^a-zA-Z0-9\s]', '', text)

# Asumsikan df adalah DataFrame yang berisi data CNN (judul, berita, tanggal, kategori)
# Contoh: df = pd.read_csv('berita-cnn.csv')

# Terapkan fungsi cleansing untuk kolom 'berita'
df['berita_clean'] = df['isi_berita'].apply(remove_url)
df['berita_clean'] = df['berita_clean'].apply(remove_html)
df['berita_clean'] = df['berita_clean'].apply(remove_emoji)
df['berita_clean'] = df['berita_clean'].apply(remove_symbols)
df['berita_clean'] = df['berita_clean'].apply(remove_numbers)



# Tampilkan beberapa baris dari hasil yang sudah dibersihkan
df.head(5)

------------------


[0;31m---------------------------------------------------------------------------[0m
[0;31mKeyError[0m                                  Traceback (most recent call last)
[0;32m/usr/local/lib/python3.10/dist-packages/pandas/core/indexes/base.py[0m in [0;36mget_loc[0;34m(self, key)[0m
[1;32m   3804[0m         [0;32mtry[0m[0;34m:[0m[0;34m[0m[0;34m[0m[0m
[0;32m-> 3805[0;31m             [0;32mreturn[0m [0mself[0m[0;34m.[0m[0m_engine[0m[0;34m.[0m[0mget_loc[0m[0;34m([0m[0mcasted_key[0m[0;34m)[0m[0;34m[0m[0;34m[0m[0m
[0m[1;32m   3806[0m         [0;32mexcept[0m [0mKeyError[0m [0;32mas[0m [0merr[0m[0;34m:[0m[0;34m[0m[0;34m[0m[0m

[0;32mindex.pyx[0m in [0;36mpandas._libs.index.IndexEngine.get_loc[0;34m()[0m

[0;32mindex.pyx[0m in [0;36mpandas._libs.index.IndexEngine.get_loc[0;34m()[0m

[0;32mpandas/_libs/hashtable_class_helper.pxi[0m in [0;36mpandas._libs.hashtable.PyObjectHashTable.get_item[0;34m()[0m

[0;32mpandas/_libs/hashtable_class_helper.pxi[0m in [0;36mpandas._libs.hashtable.PyObjectHashTable.get_item[0;34m()[0m

[0;31mKeyError[0m: 'isi_berita'

The above exception was the direct cause of the following exception:

[0;31mKeyError[0m                                  Traceback (most recent call last)
[0;32m<ipython-input-5-67a8a78e0c87>[0m in [0;36m<cell line: 39>[0;34m()[0m
[1;32m     37[0m [0;34m[0m[0m
[1;32m     38[0m [0;31m# Terapkan fungsi cleansing untuk kolom 'berita'[0m[0;34m[0m[0;34m[0m[0m
[0;32m---> 39[0;31m [0mdf[0m[0;34m[[0m[0;34m'berita_clean'[0m[0;34m][0m [0;34m=[0m [0mdf[0m[0;34m[[0m[0;34m'isi_berita'[0m[0;34m][0m[0;34m.[0m[0mapply[0m[0;34m([0m[0mremove_url[0m[0;34m)[0m[0;34m[0m[0;34m[0m[0m
[0m[1;32m     40[0m [0mdf[0m[0;34m[[0m[0;34m'berita_clean'[0m[0;34m][0m [0;34m=[0m [0mdf[0m[0;34m[[0m[0;34m'berita_clean'[0m[0;34m][0m[0;34m.[0m[0mapply[0m[0;34m([0m[0mremove_html[0m[0;34m)[0m[0;34m[0m[0;34m[0m[0m
[1;32m     41[0m [0mdf[0m[0;34m[[0m[0;34m'berita_clean'[0m[0;34m][0m [0;34m=[0m [0mdf[0m[0;34m[[0m[0;34m'berita_clean'[0m[0;34m][0m[0;34m.[0m[0mapply[0m[0;34m([0m[0mremove_emoji[0m[0;34m)[0m[0;34m[0m[0;34m[0m[0m

[0;32m/usr/local/lib/python3.10/dist-packages/pandas/core/frame.py[0m in [0;36m__getitem__[0;34m(self, key)[0m
[1;32m   4100[0m             [0;32mif[0m [0mself[0m[0;34m.[0m[0mcolumns[0m[0;34m.[0m[0mnlevels[0m [0;34m>[0m [0;36m1[0m[0;34m:[0m[0;34m[0m[0;34m[0m[0m
[1;32m   4101[0m                 [0;32mreturn[0m [0mself[0m[0;34m.[0m[0m_getitem_multilevel[0m[0;34m([0m[0mkey[0m[0;34m)[0m[0;34m[0m[0;34m[0m[0m
[0;32m-> 4102[0;31m             [0mindexer[0m [0;34m=[0m [0mself[0m[0;34m.[0m[0mcolumns[0m[0;34m.[0m[0mget_loc[0m[0;34m([0m[0mkey[0m[0;34m)[0m[0;34m[0m[0;34m[0m[0m
[0m[1;32m   4103[0m             [0;32mif[0m [0mis_integer[0m[0;34m([0m[0mindexer[0m[0;34m)[0m[0;34m:[0m[0;34m[0m[0;34m[0m[0m
[1;32m   4104[0m                 [0mindexer[0m [0;34m=[0m [0;34m[[0m[0mindexer[0m[0;34m][0m[0;34m[0m[0;34m[0m[0m

[0;32m/usr/local/lib/python3.10/dist-packages/pandas/core/indexes/base.py[0m in [0;36mget_loc[0;34m(self, key)[0m
[1;32m   3810[0m             ):
[1;32m   3811[0m                 [0;32mraise[0m [0mInvalidIndexError[0m[0;34m([0m[0mkey[0m[0;34m)[0m[0;34m[0m[0;34m[0m[0m
[0;32m-> 3812[0;31m             [0;32mraise[0m [0mKeyError[0m[0;34m([0m[0mkey[0m[0;34m)[0m [0;32mfrom[0m [0merr[0m[0;34m[0m[0;34m[0m[0m
[0m[1;32m   3813[0m         [0;32mexcept[0m [0mTypeError[0m[0;34m:[0m[0;34m[0m[0;34m[0m[0m
[1;32m   3814[0m             [0;31m# If we have a listlike key, _check_indexing_error will raise[0m[0;34m[0m[0;34m[0m[0m

[0;31mKeyError[0m: 'isi_berita'

